     1                                  ;alive.asm
     2                                  
     3                                  section .data
     4 00000000 48656C6C6F2C20576F-         msg1    db  "Hello, World!",10,0    ; string with \n and 0
     4 00000009 726C64210A00       
     5                                      msg1Len equ $-msg1-1                ; measure length, minus the terminating 0
     6 0000000F 416C69766520616E64-         msg2    db  "Alive and Kicking!",10,0  ; string with \n and 0
     6 00000018 204B69636B696E6721-
     6 00000021 0A00               
     7                                      msg2Len equ $-msg2-1
     8 00000023 6501000000000000            radius  dq  357                     ; no string, not displayable?
     9 0000002B 1F85EB51B81E0940            pi      dq  3.14                    ; no string, not displayable?
    10                                  
    11                                  section .bss
    12                                  section .text
    13                                      global main
    14                                  main:
    15                                      ; push    rbp         ; function prologue
    16                                      ; mov     rbp,rsp     ; function prologue 
    17 00000000 B801000000                  mov     rax, 1      ; 1 = write
    18 00000005 BF01000000                  mov     rdi, 1      ; 1 = to stdout
    19 0000000A 48BE-                       mov     rsi, msg1   ; string to display
    19 0000000C [0000000000000000] 
    20 00000014 BA0E000000                  mov     rdx, msg1Len ; length of string
    21 00000019 0F05                        syscall             ; display string
    22 0000001B B801000000                  mov     rax, 1      ; 1 = write
    23 00000020 BF01000000                  mov     rdi, 1      ; 1 = stdout
    24 00000025 48BE-                       mov     rsi, msg2   ; string to display
    24 00000027 [0F00000000000000] 
    25 0000002F BA13000000                  mov     rdx, msg2Len ; length of string2
    26 00000034 0F05                        syscall
    27                                      ; mov     rsp, rbp    ; function epilogue
    28                                      ; pop     rbp         ; function epilogue
    29 00000036 B83C000000                  mov     rax, 60     ; 60 = exit
    30 0000003B BF00000000                  mov     rdi, 0      ; 0 = success exit code
    31 00000040 0F05                        syscall             ; quit
    32                                  
