     1                                  ; memory.asm
     2                                  
     3                                  section .data
     4 00000000 7B                          bNum    db      123
     5 00000001 3930                        wNum    dw      12345
     6 00000003 0000<rept>                  warray  times   5 dw 0      ; array of 5 words containing 0
     7                                      
     8 0000000D 39300000                    dNum    dd      12345       ; 32 bit
     9 00000011 3930000000000000            qNum1   dq      12345       ; 64 bit
    10 00000019 61626300                    text1   db      "abc",0 
    11 0000001D 50455254FB210940            qNum2   dq      3.141592654
    12 00000025 63646500                    text2   db      "cde",0
    13                                  section .bss
    14 00000000 <res 00000001>              bvar    resb    1
    15 00000001 <res 00000004>              dvar    resd    1
    16 00000005 <res 00000014>              wvar    resw    10
    17 00000019 <res 00000018>              qvar    resq    3
    18                                  section .text
    19                                      global  main
    20                                  main:
    21 00000000 4889E5                      mov     rbp, rsp
    22 00000003 488D0425[00000000]          lea     rax, [bNum]     ; load address of bNum in rax
    23 0000000B 48B8-                       mov     rax, bNum       ; load address of bNum in rax
    23 0000000D [0000000000000000] 
    24 00000015 488B0425[00000000]          mov     rax, [bNum]     ; load value at bNum in rax
    25 0000001D 48890425[00000000]          mov     [bvar], rax     ; load from rax at address bvar
    26 00000025 488D0425[00000000]          lea     rax, [bvar]     ; load address of bvar in rax
    27 0000002D 488D0425[01000000]          lea     rax, [wNum]     ; load address of wNum in rax
    28 00000035 488B0425[01000000]          mov     rax, [wNum]     ; load content of wNum in rax
    29 0000003D 488D0425[19000000]          lea     rax, [text1]    ; load address of text1 in rax
    30 00000045 48B8-                       mov     rax, text1      ; load address of text1 in rax
    30 00000047 [1900000000000000] 
    31 0000004F 48B8-                       mov     rax, text1+1    ; load second character of text1 in rax
    31 00000051 [1A00000000000000] 
    32 00000059 488D0425[1A000000]          lea     rax, [text1+1]  ; load second character in rax
    33 00000061 488B0425[19000000]          mov     rax, [text1]    ; load starting at text1 in rax
    34 00000069 488B0425[1A000000]          mov     rax, [text1+1]  ; load starting at text1 + 1 in rax
    35 00000071 4889EC                      mov     rsp, rbp
    36 00000074 5D                          pop     rbp
    37 00000075 C3                          ret
